#
# There is insufficient memory for the Java Runtime Environment to continue.
# Native memory allocation (mmap) failed to map 130023424 bytes for committing reserved memory.
# Possible reasons:
#   The system is out of physical RAM or swap space
#   The process is running with CompressedOops enabled, and the Java Heap may be blocking the growth of the native heap
# Possible solutions:
#   Reduce memory load on the system
#   Increase physical memory or swap space
#   Check if swap backing store is full
#   Decrease Java heap size (-Xmx/-Xms)
#   Decrease number of Java threads
#   Decrease Java thread stack sizes (-Xss)
#   Set larger code cache with -XX:ReservedCodeCacheSize=
# This output file may be truncated or incomplete.
#
#  Out of Memory Error (os_linux.cpp:2719), pid=1147, tid=1148
#
# JRE version:  (11.0.3+7) (build )
# Java VM: OpenJDK 64-Bit Server VM (11.0.3+7-Ubuntu-1ubuntu218.04.1, mixed mode, aot, sharing, tiered, compressed oops, g1 gc, linux-amd64)
# Core dump will be written. Default location: Core dumps may be processed with "/usr/share/apport/apport %p %s %c %d %P" (or dumping to /home/tsereve0/Projet-Pinfo/PInfo3/classadsresponse-service/core.1147)
#

---------------  S U M M A R Y ------------

Command Line: -javaagent:/home/tsereve0/.m2/repository/org/jacoco/org.jacoco.agent/0.8.2/org.jacoco.agent-0.8.2-runtime.jar=destfile=/home/tsereve0/Projet-Pinfo/PInfo3/classadsresponse-service/target/jacoco.exec,append=false /home/tsereve0/Projet-Pinfo/PInfo3/classadsresponse-service/target/surefire/surefirebooter6347444476801301897.jar /home/tsereve0/Projet-Pinfo/PInfo3/classadsresponse-service/target/surefire 2019-06-04T14-52-01_501-jvmRun1 surefire2999014551083177217tmp surefire_02148704503388099004tmp

Host: Intel(R) Core(TM) i7-6500U CPU @ 2.50GHz, 4 cores, 7G, Ubuntu 18.04.2 LTS
Time: Tue Jun  4 14:52:01 2019 CEST elapsed time: 0 seconds (0d 0h 0m 0s)

---------------  T H R E A D  ---------------

Current thread (0x00007f7a48013800):  JavaThread "Unknown thread" [_thread_in_vm, id=1148, stack(0x00007f7a4eb39000,0x00007f7a4ec3a000)]

Stack: [0x00007f7a4eb39000,0x00007f7a4ec3a000],  sp=0x00007f7a4ec382c0,  free space=1020k
Native frames: (J=compiled Java code, A=aot compiled Java code, j=interpreted, Vv=VM code, C=native code)
V  [libjvm.so+0xde1587]
V  [libjvm.so+0xde21db]
V  [libjvm.so+0x650895]
V  [libjvm.so+0xbbc6c8]
V  [libjvm.so+0xbb3f2d]
V  [libjvm.so+0x76ea7f]
V  [libjvm.so+0x76ecee]
V  [libjvm.so+0x77ad60]
V  [libjvm.so+0x7f5e29]
V  [libjvm.so+0x7f6a82]
V  [libjvm.so+0x7f6ee9]
V  [libjvm.so+0x72d3af]
V  [libjvm.so+0x72da9d]
V  [libjvm.so+0xd9bae2]
V  [libjvm.so+0xd9bd76]
V  [libjvm.so+0x80edc7]
V  [libjvm.so+0xd7a797]
V  [libjvm.so+0x8c7ad1]  JNI_CreateJavaVM+0x51
C  [libjli.so+0x4816]
C  [libjli.so+0x900d]


---------------  P R O C E S S  ---------------

Threads class SMR info:
_java_thread_list=0x000055fa5617a1c0, length=0, elements={
}

Java Threads: ( => current thread )

Other Threads:
  0x00007f7a4802a000 GCTaskThread "GC Thread#0" [stack: 0x00007f7a2f20b000,0x00007f7a2f30b000] [id=1149]
  0x00007f7a4805a800 ConcurrentGCThread "G1 Main Marker" [stack: 0x00007f7a2c2c8000,0x00007f7a2c3c8000] [id=1150]
  0x00007f7a4805c800 ConcurrentGCThread "G1 Conc#0" [stack: 0x00007f7a2c1c6000,0x00007f7a2c2c6000] [id=1152]

[error occurred during error reporting (printing all threads), id 0xb, SIGSEGV (0xb) at pc=0x00007f7a4d129580]

VM state:not at safepoint (not fully initialized)

VM Mutex/Monitor currently owned by a thread:  ([mutex/lock_event])
[0x00007f7a4800ff20] Heap_lock - owner thread: 0x00007f7a48013800

Heap address: 0x0000000085200000, size: 1966 MB, Compressed Oops mode: Non-zero based: 0x0000000085200000
Narrow klass base: 0x0000000000000000, Narrow klass shift: 0

GC Heap History (0 events):
No events

Deoptimization events (0 events):
No events

Classes redefined (0 events):
No events

Internal exceptions (0 events):
No events

Events (0 events):
No events


Dynamic libraries:
8ce00000-100000000 ---p 00000000 00:00 0 
55fa54714000-55fa54715000 r-xp 00000000 08:02 9444662                    /usr/lib/jvm/java-11-openjdk-amd64/bin/java
55fa54915000-55fa54916000 r--p 00001000 08:02 9444662                    /usr/lib/jvm/java-11-openjdk-amd64/bin/java
55fa54916000-55fa54917000 rw-p 00002000 08:02 9444662                    /usr/lib/jvm/java-11-openjdk-amd64/bin/java
55fa56162000-55fa56183000 rw-p 00000000 00:00 0                          [heap]
7f7a18000000-7f7a18021000 rw-p 00000000 00:00 0 
7f7a18021000-7f7a1c000000 ---p 00000000 00:00 0 
7f7a1fdfe000-7f7a20000000 rw-p 00000000 00:00 0 
7f7a20000000-7f7a20021000 rw-p 00000000 00:00 0 
7f7a20021000-7f7a24000000 ---p 00000000 00:00 0 
7f7a24047000-7f7a26148000 rw-p 00000000 00:00 0 
7f7a26148000-7f7a28000000 ---p 00000000 00:00 0 
7f7a28000000-7f7a28021000 rw-p 00000000 00:00 0 
7f7a28021000-7f7a2c000000 ---p 00000000 00:00 0 
7f7a2c0c3000-7f7a2c1c4000 rw-p 00000000 00:00 0 
7f7a2c1c4000-7f7a2c1c5000 ---p 00000000 00:00 0 
7f7a2c1c5000-7f7a2c2c6000 rw-p 00000000 00:00 0 
7f7a2c2c6000-7f7a2c2c7000 ---p 00000000 00:00 0 
7f7a2c2c7000-7f7a2c3c8000 rw-p 00000000 00:00 0 
7f7a2c3c8000-7f7a2ee05000 ---p 00000000 00:00 0 
7f7a2ee05000-7f7a2f209000 rw-p 00000000 00:00 0 
7f7a2f209000-7f7a2f20a000 ---p 00000000 00:00 0 
7f7a2f20a000-7f7a2f310000 rw-p 00000000 00:00 0 
7f7a2f310000-7f7a2f3f6000 ---p 00000000 00:00 0 
7f7a2f3f6000-7f7a2f3fb000 rw-p 00000000 00:00 0 
7f7a2f3fb000-7f7a2f4e1000 ---p 00000000 00:00 0 
7f7a2f4e1000-7f7a2f751000 rwxp 00000000 00:00 0 
7f7a2f751000-7f7a2fa71000 ---p 00000000 00:00 0 
7f7a2fa71000-7f7a2fce1000 rwxp 00000000 00:00 0 
7f7a2fce1000-7f7a36fa9000 ---p 00000000 00:00 0 
7f7a36fa9000-7f7a37219000 rwxp 00000000 00:00 0 
7f7a37219000-7f7a3e4e1000 ---p 00000000 00:00 0 
7f7a3e4e1000-7f7a46b63000 r--s 00000000 08:02 9705609                    /usr/lib/jvm/java-11-openjdk-amd64/lib/modules
7f7a46b63000-7f7a46b68000 r-xp 00000000 08:02 9705591                    /usr/lib/jvm/java-11-openjdk-amd64/lib/libjimage.so
7f7a46b68000-7f7a46d67000 ---p 00005000 08:02 9705591                    /usr/lib/jvm/java-11-openjdk-amd64/lib/libjimage.so
7f7a46d67000-7f7a46d68000 r--p 00004000 08:02 9705591                    /usr/lib/jvm/java-11-openjdk-amd64/lib/libjimage.so
7f7a46d68000-7f7a46d69000 rw-p 00005000 08:02 9705591                    /usr/lib/jvm/java-11-openjdk-amd64/lib/libjimage.so
7f7a46d69000-7f7a46d70000 r-xp 00000000 08:02 9705608                    /usr/lib/jvm/java-11-openjdk-amd64/lib/libzip.so
7f7a46d70000-7f7a46f6f000 ---p 00007000 08:02 9705608                    /usr/lib/jvm/java-11-openjdk-amd64/lib/libzip.so
7f7a46f6f000-7f7a46f70000 r--p 00006000 08:02 9705608                    /usr/lib/jvm/java-11-openjdk-amd64/lib/libzip.so
7f7a46f70000-7f7a46f71000 rw-p 00007000 08:02 9705608                    /usr/lib/jvm/java-11-openjdk-amd64/lib/libzip.so
7f7a46f71000-7f7a46f7c000 r-xp 00000000 08:02 1311756                    /lib/x86_64-linux-gnu/libnss_files-2.27.so
7f7a46f7c000-7f7a4717b000 ---p 0000b000 08:02 1311756                    /lib/x86_64-linux-gnu/libnss_files-2.27.so
7f7a4717b000-7f7a4717c000 r--p 0000a000 08:02 1311756                    /lib/x86_64-linux-gnu/libnss_files-2.27.so
7f7a4717c000-7f7a4717d000 rw-p 0000b000 08:02 1311756                    /lib/x86_64-linux-gnu/libnss_files-2.27.so
7f7a4717d000-7f7a47183000 rw-p 00000000 00:00 0 
7f7a47183000-7f7a4719a000 r-xp 00000000 08:02 1311753                    /lib/x86_64-linux-gnu/libnsl-2.27.so
7f7a4719a000-7f7a47399000 ---p 00017000 08:02 1311753                    /lib/x86_64-linux-gnu/libnsl-2.27.so
7f7a47399000-7f7a4739a000 r--p 00016000 08:02 1311753                    /lib/x86_64-linux-gnu/libnsl-2.27.so
7f7a4739a000-7f7a4739b000 rw-p 00017000 08:02 1311753                    /lib/x86_64-linux-gnu/libnsl-2.27.so
7f7a4739b000-7f7a4739d000 rw-p 00000000 00:00 0 
7f7a4739d000-7f7a473a8000 r-xp 00000000 08:02 1311758                    /lib/x86_64-linux-gnu/libnss_nis-2.27.so
7f7a473a8000-7f7a475a7000 ---p 0000b000 08:02 1311758                    /lib/x86_64-linux-gnu/libnss_nis-2.27.so
7f7a475a7000-7f7a475a8000 r--p 0000a000 08:02 1311758                    /lib/x86_64-linux-gnu/libnss_nis-2.27.so
7f7a475a8000-7f7a475a9000 rw-p 0000b000 08:02 1311758                    /lib/x86_64-linux-gnu/libnss_nis-2.27.so
7f7a475a9000-7f7a475b1000 r-xp 00000000 08:02 1311754                    /lib/x86_64-linux-gnu/libnss_compat-2.27.so
7f7a475b1000-7f7a477b1000 ---p 00008000 08:02 1311754                    /lib/x86_64-linux-gnu/libnss_compat-2.27.so
7f7a477b1000-7f7a477b2000 r--p 00008000 08:02 1311754                    /lib/x86_64-linux-gnu/libnss_compat-2.27.so
7f7a477b2000-7f7a477b3000 rw-p 00009000 08:02 1311754                    /lib/x86_64-linux-gnu/libnss_compat-2.27.so
7f7a477b3000-7f7a477bd000 r-xp 00000000 08:02 9705582                    /usr/lib/jvm/java-11-openjdk-amd64/lib/libinstrument.so
7f7a477bd000-7f7a479bc000 ---p 0000a000 08:02 9705582                    /usr/lib/jvm/java-11-openjdk-amd64/lib/libinstrument.so
7f7a479bc000-7f7a479bd000 r--p 00009000 08:02 9705582                    /usr/lib/jvm/java-11-openjdk-amd64/lib/libinstrument.so
7f7a479bd000-7f7a479be000 rw-p 0000a000 08:02 9705582                    /usr/lib/jvm/java-11-openjdk-amd64/lib/libinstrument.so
7f7a479be000-7f7a479e7000 r-xp 00000000 08:02 9705587                    /usr/lib/jvm/java-11-openjdk-amd64/lib/libjava.so
7f7a479e7000-7f7a47be6000 ---p 00029000 08:02 9705587                    /usr/lib/jvm/java-11-openjdk-amd64/lib/libjava.so
7f7a47be6000-7f7a47be7000 r--p 00028000 08:02 9705587                    /usr/lib/jvm/java-11-openjdk-amd64/lib/libjava.so
7f7a47be7000-7f7a47be9000 rw-p 00029000 08:02 9705587                    /usr/lib/jvm/java-11-openjdk-amd64/lib/libjava.so
7f7a47be9000-7f7a47bf6000 r-xp 00000000 08:02 9705607                    /usr/lib/jvm/java-11-openjdk-amd64/lib/libverify.so
7f7a47bf6000-7f7a47df5000 ---p 0000d000 08:02 9705607                    /usr/lib/jvm/java-11-openjdk-amd64/lib/libverify.so
7f7a47df5000-7f7a47df7000 r--p 0000c000 08:02 9705607                    /usr/lib/jvm/java-11-openjdk-amd64/lib/libverify.so
7f7a47df7000-7f7a47df8000 rw-p 0000e000 08:02 9705607                    /usr/lib/jvm/java-11-openjdk-amd64/lib/libverify.so
7f7a47df8000-7f7a47dff000 r-xp 00000000 08:02 1311763                    /lib/x86_64-linux-gnu/librt-2.27.so
7f7a47dff000-7f7a47ffe000 ---p 00007000 08:02 1311763                    /lib/x86_64-linux-gnu/librt-2.27.so
7f7a47ffe000-7f7a47fff000 r--p 00006000 08:02 1311763                    /lib/x86_64-linux-gnu/librt-2.27.so
7f7a47fff000-7f7a48000000 rw-p 00007000 08:02 1311763                    /lib/x86_64-linux-gnu/librt-2.27.so
7f7a48000000-7f7a48077000 rw-p 00000000 00:00 0 
7f7a48077000-7f7a4c000000 ---p 00000000 00:00 0 
7f7a4c0a4000-7f7a4c0bb000 r-xp 00000000 08:02 1310982                    /lib/x86_64-linux-gnu/libgcc_s.so.1
7f7a4c0bb000-7f7a4c2ba000 ---p 00017000 08:02 1310982                    /lib/x86_64-linux-gnu/libgcc_s.so.1
7f7a4c2ba000-7f7a4c2bb000 r--p 00016000 08:02 1310982                    /lib/x86_64-linux-gnu/libgcc_s.so.1
7f7a4c2bb000-7f7a4c2bc000 rw-p 00017000 08:02 1310982                    /lib/x86_64-linux-gnu/libgcc_s.so.1
7f7a4c2bc000-7f7a4c459000 r-xp 00000000 08:02 1311750                    /lib/x86_64-linux-gnu/libm-2.27.so
7f7a4c459000-7f7a4c658000 ---p 0019d000 08:02 1311750                    /lib/x86_64-linux-gnu/libm-2.27.so
7f7a4c658000-7f7a4c659000 r--p 0019c000 08:02 1311750                    /lib/x86_64-linux-gnu/libm-2.27.so
7f7a4c659000-7f7a4c65a000 rw-p 0019d000 08:02 1311750                    /lib/x86_64-linux-gnu/libm-2.27.so
7f7a4c65a000-7f7a4c7d3000 r-xp 00000000 08:02 9445310                    /usr/lib/x86_64-linux-gnu/libstdc++.so.6.0.25
7f7a4c7d3000-7f7a4c9d3000 ---p 00179000 08:02 9445310                    /usr/lib/x86_64-linux-gnu/libstdc++.so.6.0.25
7f7a4c9d3000-7f7a4c9dd000 r--p 00179000 08:02 9445310                    /usr/lib/x86_64-linux-gnu/libstdc++.so.6.0.25
7f7a4c9dd000-7f7a4c9df000 rw-p 00183000 08:02 9445310                    /usr/lib/x86_64-linux-gnu/libstdc++.so.6.0.25
7f7a4c9df000-7f7a4c9e3000 rw-p 00000000 00:00 0 
7f7a4c9e3000-7f7a4daab000 r-xp 00000000 08:02 9705612                    /usr/lib/jvm/java-11-openjdk-amd64/lib/server/libjvm.so
7f7a4daab000-7f7a4dcab000 ---p 010c8000 08:02 9705612                    /usr/lib/jvm/java-11-openjdk-amd64/lib/server/libjvm.so
7f7a4dcab000-7f7a4dd68000 r--p 010c8000 08:02 9705612                    /usr/lib/jvm/java-11-openjdk-amd64/lib/server/libjvm.so
7f7a4dd68000-7f7a4dda1000 rw-p 01185000 08:02 9705612                    /usr/lib/jvm/java-11-openjdk-amd64/lib/server/libjvm.so
7f7a4dda1000-7f7a4ddf7000 rw-p 00000000 00:00 0 
7f7a4ddf7000-7f7a4de11000 r-xp 00000000 08:02 1311761                    /lib/x86_64-linux-gnu/libpthread-2.27.so
7f7a4de11000-7f7a4e010000 ---p 0001a000 08:02 1311761                    /lib/x86_64-linux-gnu/libpthread-2.27.so
7f7a4e010000-7f7a4e011000 r--p 00019000 08:02 1311761                    /lib/x86_64-linux-gnu/libpthread-2.27.so
7f7a4e011000-7f7a4e012000 rw-p 0001a000 08:02 1311761                    /lib/x86_64-linux-gnu/libpthread-2.27.so
7f7a4e012000-7f7a4e016000 rw-p 00000000 00:00 0 
7f7a4e016000-7f7a4e019000 r-xp 00000000 08:02 1311749                    /lib/x86_64-linux-gnu/libdl-2.27.so
7f7a4e019000-7f7a4e218000 ---p 00003000 08:02 1311749                    /lib/x86_64-linux-gnu/libdl-2.27.so
7f7a4e218000-7f7a4e219000 r--p 00002000 08:02 1311749                    /lib/x86_64-linux-gnu/libdl-2.27.so
7f7a4e219000-7f7a4e21a000 rw-p 00003000 08:02 1311749                    /lib/x86_64-linux-gnu/libdl-2.27.so
7f7a4e21a000-7f7a4e236000 r-xp 00000000 08:02 1311791                    /lib/x86_64-linux-gnu/libz.so.1.2.11
7f7a4e236000-7f7a4e435000 ---p 0001c000 08:02 1311791                    /lib/x86_64-linux-gnu/libz.so.1.2.11
7f7a4e435000-7f7a4e436000 r--p 0001b000 08:02 1311791                    /lib/x86_64-linux-gnu/libz.so.1.2.11
7f7a4e436000-7f7a4e437000 rw-p 0001c000 08:02 1311791                    /lib/x86_64-linux-gnu/libz.so.1.2.11
7f7a4e437000-7f7a4e61e000 r-xp 00000000 08:02 1311746                    /lib/x86_64-linux-gnu/libc-2.27.so
7f7a4e61e000-7f7a4e81e000 ---p 001e7000 08:02 1311746                    /lib/x86_64-linux-gnu/libc-2.27.so
7f7a4e81e000-7f7a4e822000 r--p 001e7000 08:02 1311746                    /lib/x86_64-linux-gnu/libc-2.27.so
7f7a4e822000-7f7a4e824000 rw-p 001eb000 08:02 1311746                    /lib/x86_64-linux-gnu/libc-2.27.so
7f7a4e824000-7f7a4e828000 rw-p 00000000 00:00 0 
7f7a4e828000-7f7a4e837000 r-xp 00000000 08:02 9702245                    /usr/lib/jvm/java-11-openjdk-amd64/lib/jli/libjli.so
7f7a4e837000-7f7a4ea37000 ---p 0000f000 08:02 9702245                    /usr/lib/jvm/java-11-openjdk-amd64/lib/jli/libjli.so
7f7a4ea37000-7f7a4ea38000 r--p 0000f000 08:02 9702245                    /usr/lib/jvm/java-11-openjdk-amd64/lib/jli/libjli.so
7f7a4ea38000-7f7a4ea39000 rw-p 00010000 08:02 9702245                    /usr/lib/jvm/java-11-openjdk-amd64/lib/jli/libjli.so
7f7a4ea39000-7f7a4ea60000 r-xp 00000000 08:02 1311742                    /lib/x86_64-linux-gnu/ld-2.27.so
7f7a4eaf7000-7f7a4eb39000 rw-p 00000000 00:00 0 
7f7a4eb39000-7f7a4eb3d000 ---p 00000000 00:00 0 
7f7a4eb3d000-7f7a4ec3c000 rw-p 00000000 00:00 0 
7f7a4ec46000-7f7a4ec4b000 rw-p 00000000 00:00 0 
7f7a4ec4b000-7f7a4ec52000 ---p 00000000 00:00 0 
7f7a4ec52000-7f7a4ec54000 r--s 00007000 08:02 9962277                    /usr/share/java/java-atk-wrapper.jar
7f7a4ec54000-7f7a4ec5c000 rw-s 00000000 08:02 22679733                   /tmp/hsperfdata_tsereve0/1147
7f7a4ec5c000-7f7a4ec5d000 ---p 00000000 00:00 0 
7f7a4ec5d000-7f7a4ec5e000 r--p 00000000 00:00 0 
7f7a4ec5e000-7f7a4ec60000 rw-p 00000000 00:00 0 
7f7a4ec60000-7f7a4ec61000 r--p 00027000 08:02 1311742                    /lib/x86_64-linux-gnu/ld-2.27.so
7f7a4ec61000-7f7a4ec62000 rw-p 00028000 08:02 1311742                    /lib/x86_64-linux-gnu/ld-2.27.so
7f7a4ec62000-7f7a4ec63000 rw-p 00000000 00:00 0 
7fffb2653000-7fffb2675000 rw-p 00000000 00:00 0                          [stack]
7fffb26fb000-7fffb26fe000 r--p 00000000 00:00 0                          [vvar]
7fffb26fe000-7fffb2700000 r-xp 00000000 00:00 0                          [vdso]
ffffffffff600000-ffffffffff601000 r-xp 00000000 00:00 0                  [vsyscall]


VM Arguments:
jvm_args: -javaagent:/home/tsereve0/.m2/repository/org/jacoco/org.jacoco.agent/0.8.2/org.jacoco.agent-0.8.2-runtime.jar=destfile=/home/tsereve0/Projet-Pinfo/PInfo3/classadsresponse-service/target/jacoco.exec,append=false 
java_command: /home/tsereve0/Projet-Pinfo/PInfo3/classadsresponse-service/target/surefire/surefirebooter6347444476801301897.jar /home/tsereve0/Projet-Pinfo/PInfo3/classadsresponse-service/target/surefire 2019-06-04T14-52-01_501-jvmRun1 surefire2999014551083177217tmp surefire_02148704503388099004tmp
java_class_path (initial): /home/tsereve0/Projet-Pinfo/PInfo3/classadsresponse-service/target/surefire/surefirebooter6347444476801301897.jar
Launcher Type: SUN_STANDARD

[Global flags]
     intx CICompilerCount                          = 3                                         {product} {ergonomic}
     uint ConcGCThreads                            = 1                                         {product} {ergonomic}
     uint G1ConcRefinementThreads                  = 4                                         {product} {ergonomic}
   size_t G1HeapRegionSize                         = 1048576                                   {product} {ergonomic}
    uintx GCDrainStackTargetSize                   = 64                                        {product} {ergonomic}
   size_t InitialHeapSize                          = 130023424                                 {product} {ergonomic}
   size_t MarkStackSize                            = 4194304                                   {product} {ergonomic}
   size_t MaxHeapSize                              = 2061500416                                {product} {ergonomic}
   size_t MinHeapDeltaBytes                        = 1048576                                   {product} {ergonomic}
    uintx NonNMethodCodeHeapSize                   = 5830092                                {pd product} {ergonomic}
    uintx NonProfiledCodeHeapSize                  = 122914074                              {pd product} {ergonomic}
    uintx ProfiledCodeHeapSize                     = 122914074                              {pd product} {ergonomic}
    uintx ReservedCodeCacheSize                    = 251658240                              {pd product} {ergonomic}
     bool SegmentedCodeCache                       = true                                      {product} {ergonomic}
     bool UseCompressedClassPointers               = true                                 {lp64_product} {ergonomic}
     bool UseCompressedOops                        = true                                 {lp64_product} {ergonomic}
     bool UseG1GC                                  = true                                      {product} {ergonomic}

Logging:
Log output configuration:
 #0: stdout all=warning uptime,level,tags
 #1: stderr all=off uptime,level,tags

Environment Variables:
PATH=/usr/lib/jvm/java-11-openjdk-amd64/bin/:/home/tsereve0/bin:/home/tsereve0/.local/bin:/usr/local/sbin:/usr/local/bin:/usr/sbin:/usr/bin:/sbin:/bin:/usr/games:/usr/local/games:/snap/bin
USERNAME=tsereve0
SHELL=/bin/bash
DISPLAY=:0

Signal Handlers:
SIGSEGV: [libjvm.so+0xde2f90], sa_mask[0]=11111111011111111101111111111110, sa_flags=SA_RESTART|SA_SIGINFO
SIGBUS: [libjvm.so+0xde2f90], sa_mask[0]=11111111011111111101111111111110, sa_flags=SA_RESTART|SA_SIGINFO
SIGFPE: [libjvm.so+0xde2f90], sa_mask[0]=11111111011111111101111111111110, sa_flags=SA_RESTART|SA_SIGINFO
SIGPIPE: [libjvm.so+0xbb85d0], sa_mask[0]=11111111011111111101111111111110, sa_flags=SA_RESTART|SA_SIGINFO
SIGXFSZ: [libjvm.so+0xbb85d0], sa_mask[0]=11111111011111111101111111111110, sa_flags=SA_RESTART|SA_SIGINFO
SIGILL: [libjvm.so+0xde2f90], sa_mask[0]=11111111011111111101111111111110, sa_flags=SA_RESTART|SA_SIGINFO
SIGUSR2: [libjvm.so+0xbb8470], sa_mask[0]=00100000000000000000000000000000, sa_flags=SA_RESTART|SA_SIGINFO
SIGHUP: SIG_DFL, sa_mask[0]=00000000000000000000000000000000, sa_flags=none
SIGINT: SIG_DFL, sa_mask[0]=00000000000000000000000000000000, sa_flags=none
SIGTERM: SIG_DFL, sa_mask[0]=00000000000000000000000000000000, sa_flags=none
SIGQUIT: SIG_DFL, sa_mask[0]=00000000000000000000000000000000, sa_flags=none


---------------  S Y S T E M  ---------------

OS:DISTRIB_ID=Ubuntu
DISTRIB_RELEASE=18.04
DISTRIB_CODENAME=bionic
DISTRIB_DESCRIPTION="Ubuntu 18.04.2 LTS"
uname:Linux 4.15.0-50-generic #54-Ubuntu SMP Mon May 6 18:46:08 UTC 2019 x86_64
libc:glibc 2.27 NPTL 2.27 
rlimit: STACK 8192k, CORE 0k, NPROC 30347, NOFILE 4096, AS infinity, DATA infinity, FSIZE infinity
load average:1.82 1.04 0.69

/proc/meminfo:
MemTotal:        8046584 kB
MemFree:          137764 kB
MemAvailable:      54776 kB
Buffers:            1692 kB
Cached:           438744 kB
SwapCached:          928 kB
Active:          6642680 kB
Inactive:         879932 kB
Active(anon):    6627424 kB
Inactive(anon):   859832 kB
Active(file):      15256 kB
Inactive(file):    20100 kB
Unevictable:          64 kB
Mlocked:              64 kB
SwapTotal:        999420 kB
SwapFree:              0 kB
Dirty:                16 kB
Writeback:             0 kB
AnonPages:       7081652 kB
Mapped:           303220 kB
Shmem:            404648 kB
Slab:             189648 kB
SReclaimable:      70628 kB
SUnreclaim:       119020 kB
KernelStack:       21216 kB
PageTables:        89644 kB
NFS_Unstable:          0 kB
Bounce:                0 kB
WritebackTmp:          0 kB
CommitLimit:     5022712 kB
Committed_AS:   15916388 kB
VmallocTotal:   34359738367 kB
VmallocUsed:           0 kB
VmallocChunk:          0 kB
HardwareCorrupted:     0 kB
AnonHugePages:         0 kB
ShmemHugePages:        0 kB
ShmemPmdMapped:        0 kB
CmaTotal:              0 kB
CmaFree:               0 kB
HugePages_Total:       0
HugePages_Free:        0
HugePages_Rsvd:        0
HugePages_Surp:        0
Hugepagesize:       2048 kB
DirectMap4k:      394224 kB
DirectMap2M:     7872512 kB
DirectMap1G:           0 kB


/proc/sys/kernel/threads-max (system-wide limit on the number of threads):
60695


/proc/sys/vm/max_map_count (maximum number of memory map areas a process may have):
65530


/proc/sys/kernel/pid_max (system-wide limit on number of process identifiers):
32768



container (cgroup) information:
container_type: cgroupv1
cpu_cpuset_cpus: 0-3
cpu_memory_nodes: 0
active_processor_count: 4
cpu_quota: -1
cpu_period: 100000
cpu_shares: -1
memory_limit_in_bytes: -1
memory_and_swap_limit_in_bytes: -2
memory_soft_limit_in_bytes: -1
memory_usage_in_bytes: 7800258560
memory_max_usage_in_bytes: 7827365888


CPU:total 4 (initial active 4) (2 cores per cpu, 2 threads per core) family 6 model 78 stepping 3, cmov, cx8, fxsr, mmx, sse, sse2, sse3, ssse3, sse4.1, sse4.2, popcnt, avx, avx2, aes, clmul, erms, 3dnowpref, lzcnt, ht, tsc, tscinvbit, bmi1, bmi2, adx, fma
CPU Model and flags from /proc/cpuinfo:
model name	: Intel(R) Core(TM) i7-6500U CPU @ 2.50GHz
flags		: fpu vme de pse tsc msr pae mce cx8 apic sep mtrr pge mca cmov pat pse36 clflush dts acpi mmx fxsr sse sse2 ss ht tm pbe syscall nx pdpe1gb rdtscp lm constant_tsc art arch_perfmon pebs bts rep_good nopl xtopology nonstop_tsc cpuid aperfmperf tsc_known_freq pni pclmulqdq dtes64 monitor ds_cpl vmx est tm2 ssse3 sdbg fma cx16 xtpr pdcm pcid sse4_1 sse4_2 x2apic movbe popcnt tsc_deadline_timer aes xsave avx f16c rdrand lahf_lm abm 3dnowprefetch cpuid_fault epb invpcid_single pti ssbd ibrs ibpb stibp tpr_shadow vnmi flexpriority ept vpid fsgsbase tsc_adjust bmi1 avx2 smep bmi2 erms invpcid mpx rdseed adx smap clflushopt intel_pt xsaveopt xsavec xgetbv1 xsaves dtherm ida arat pln pts hwp hwp_notify hwp_act_window hwp_epp md_clear flush_l1d

Memory: 4k page, physical 8046584k(137764k free), swap 999420k(0k free)

vm_info: OpenJDK 64-Bit Server VM (11.0.3+7-Ubuntu-1ubuntu218.04.1) for linux-amd64 JRE (11.0.3+7-Ubuntu-1ubuntu218.04.1), built on Apr 23 2019 18:34:35 by "buildd" with gcc 7.3.0

END.
