11-06-2019 22:34:06 WARN  CafdiSerdes:58 - Class type is not supported. Using generic serdes
11-06-2019 22:34:07 WARN  CafdiSerdes:58 - Class type is not supported. Using generic serdes
11-06-2019 22:34:07 INFO  ConsumerConfig:223 - ConsumerConfig values: 
	auto.commit.interval.ms = 5000
	auto.offset.reset = latest
	bootstrap.servers = [localhost:9092]
	check.crcs = true
	client.id = 
	connections.max.idle.ms = 540000
	enable.auto.commit = true
	exclude.internal.topics = true
	fetch.max.bytes = 52428800
	fetch.max.wait.ms = 500
	fetch.min.bytes = 1
	group.id = ch.unige
	heartbeat.interval.ms = 3000
	interceptor.classes = null
	internal.leave.group.on.close = true
	isolation.level = read_uncommitted
	key.deserializer = class org.apache.kafka.common.serialization.StringDeserializer
	max.partition.fetch.bytes = 1048576
	max.poll.interval.ms = 300000
	max.poll.records = 500
	metadata.max.age.ms = 300000
	metric.reporters = []
	metrics.num.samples = 2
	metrics.recording.level = INFO
	metrics.sample.window.ms = 30000
	partition.assignment.strategy = [class org.apache.kafka.clients.consumer.RangeAssignor]
	receive.buffer.bytes = 65536
	reconnect.backoff.max.ms = 1000
	reconnect.backoff.ms = 50
	request.timeout.ms = 305000
	retry.backoff.ms = 100
	sasl.jaas.config = null
	sasl.kerberos.kinit.cmd = /usr/bin/kinit
	sasl.kerberos.min.time.before.relogin = 60000
	sasl.kerberos.service.name = null
	sasl.kerberos.ticket.renew.jitter = 0.05
	sasl.kerberos.ticket.renew.window.factor = 0.8
	sasl.mechanism = GSSAPI
	security.protocol = PLAINTEXT
	send.buffer.bytes = 131072
	session.timeout.ms = 10000
	ssl.cipher.suites = null
	ssl.enabled.protocols = [TLSv1.2, TLSv1.1, TLSv1]
	ssl.endpoint.identification.algorithm = null
	ssl.key.password = null
	ssl.keymanager.algorithm = SunX509
	ssl.keystore.location = null
	ssl.keystore.password = null
	ssl.keystore.type = JKS
	ssl.protocol = TLS
	ssl.provider = null
	ssl.secure.random.implementation = null
	ssl.trustmanager.algorithm = PKIX
	ssl.truststore.location = null
	ssl.truststore.password = null
	ssl.truststore.type = JKS
	value.deserializer = class org.aerogear.kafka.serialization.GenericDeserializer

11-06-2019 22:34:07 INFO  AppInfoParser:109 - Kafka version : 1.0.0
11-06-2019 22:34:07 INFO  AppInfoParser:110 - Kafka commitId : aaa7af6d4a11b29d
11-06-2019 22:34:07 WARN  CafdiSerdes:58 - Class type is not supported. Using generic serdes
11-06-2019 22:34:07 WARN  CafdiSerdes:58 - Class type is not supported. Using generic serdes
11-06-2019 22:34:07 INFO  ConsumerConfig:223 - ConsumerConfig values: 
	auto.commit.interval.ms = 5000
	auto.offset.reset = latest
	bootstrap.servers = [localhost:9092]
	check.crcs = true
	client.id = 
	connections.max.idle.ms = 540000
	enable.auto.commit = true
	exclude.internal.topics = true
	fetch.max.bytes = 52428800
	fetch.max.wait.ms = 500
	fetch.min.bytes = 1
	group.id = ch.unige
	heartbeat.interval.ms = 3000
	interceptor.classes = null
	internal.leave.group.on.close = true
	isolation.level = read_uncommitted
	key.deserializer = class org.apache.kafka.common.serialization.StringDeserializer
	max.partition.fetch.bytes = 1048576
	max.poll.interval.ms = 300000
	max.poll.records = 500
	metadata.max.age.ms = 300000
	metric.reporters = []
	metrics.num.samples = 2
	metrics.recording.level = INFO
	metrics.sample.window.ms = 30000
	partition.assignment.strategy = [class org.apache.kafka.clients.consumer.RangeAssignor]
	receive.buffer.bytes = 65536
	reconnect.backoff.max.ms = 1000
	reconnect.backoff.ms = 50
	request.timeout.ms = 305000
	retry.backoff.ms = 100
	sasl.jaas.config = null
	sasl.kerberos.kinit.cmd = /usr/bin/kinit
	sasl.kerberos.min.time.before.relogin = 60000
	sasl.kerberos.service.name = null
	sasl.kerberos.ticket.renew.jitter = 0.05
	sasl.kerberos.ticket.renew.window.factor = 0.8
	sasl.mechanism = GSSAPI
	security.protocol = PLAINTEXT
	send.buffer.bytes = 131072
	session.timeout.ms = 10000
	ssl.cipher.suites = null
	ssl.enabled.protocols = [TLSv1.2, TLSv1.1, TLSv1]
	ssl.endpoint.identification.algorithm = null
	ssl.key.password = null
	ssl.keymanager.algorithm = SunX509
	ssl.keystore.location = null
	ssl.keystore.password = null
	ssl.keystore.type = JKS
	ssl.protocol = TLS
	ssl.provider = null
	ssl.secure.random.implementation = null
	ssl.trustmanager.algorithm = PKIX
	ssl.truststore.location = null
	ssl.truststore.password = null
	ssl.truststore.type = JKS
	value.deserializer = class org.aerogear.kafka.serialization.GenericDeserializer

11-06-2019 22:34:07 INFO  AppInfoParser:109 - Kafka version : 1.0.0
11-06-2019 22:34:07 INFO  AppInfoParser:110 - Kafka commitId : aaa7af6d4a11b29d
11-06-2019 22:34:07 WARN  NetworkClient:241 - [Consumer clientId=consumer-2, groupId=ch.unige] Connection to node -1 could not be established. Broker may not be available.
11-06-2019 22:34:07 WARN  NetworkClient:241 - [Consumer clientId=consumer-1, groupId=ch.unige] Connection to node -1 could not be established. Broker may not be available.
11-06-2019 22:34:07 WARN  NetworkClient:241 - [Consumer clientId=consumer-2, groupId=ch.unige] Connection to node -1 could not be established. Broker may not be available.
11-06-2019 22:34:07 WARN  NetworkClient:241 - [Consumer clientId=consumer-1, groupId=ch.unige] Connection to node -1 could not be established. Broker may not be available.
11-06-2019 22:34:08 WARN  NetworkClient:241 - [Consumer clientId=consumer-2, groupId=ch.unige] Connection to node -1 could not be established. Broker may not be available.
11-06-2019 22:34:08 WARN  NetworkClient:241 - [Consumer clientId=consumer-1, groupId=ch.unige] Connection to node -1 could not be established. Broker may not be available.
11-06-2019 22:34:08 WARN  NetworkClient:241 - [Consumer clientId=consumer-2, groupId=ch.unige] Connection to node -1 could not be established. Broker may not be available.
11-06-2019 22:34:08 WARN  NetworkClient:241 - [Consumer clientId=consumer-1, groupId=ch.unige] Connection to node -1 could not be established. Broker may not be available.
11-06-2019 22:34:08 WARN  NetworkClient:241 - [Consumer clientId=consumer-1, groupId=ch.unige] Connection to node -1 could not be established. Broker may not be available.
11-06-2019 22:34:08 WARN  NetworkClient:241 - [Consumer clientId=consumer-2, groupId=ch.unige] Connection to node -1 could not be established. Broker may not be available.
11-06-2019 22:34:09 WARN  NetworkClient:241 - [Consumer clientId=consumer-2, groupId=ch.unige] Connection to node -1 could not be established. Broker may not be available.
11-06-2019 22:34:09 WARN  NetworkClient:241 - [Consumer clientId=consumer-1, groupId=ch.unige] Connection to node -1 could not be established. Broker may not be available.
11-06-2019 22:34:10 WARN  NetworkClient:241 - [Consumer clientId=consumer-2, groupId=ch.unige] Connection to node -1 could not be established. Broker may not be available.
11-06-2019 22:34:10 WARN  NetworkClient:241 - [Consumer clientId=consumer-1, groupId=ch.unige] Connection to node -1 could not be established. Broker may not be available.
11-06-2019 22:34:11 WARN  NetworkClient:241 - [Consumer clientId=consumer-2, groupId=ch.unige] Connection to node -1 could not be established. Broker may not be available.
11-06-2019 22:34:11 WARN  NetworkClient:241 - [Consumer clientId=consumer-1, groupId=ch.unige] Connection to node -1 could not be established. Broker may not be available.
11-06-2019 22:34:12 WARN  NetworkClient:241 - [Consumer clientId=consumer-2, groupId=ch.unige] Connection to node -1 could not be established. Broker may not be available.
11-06-2019 22:34:13 WARN  NetworkClient:241 - [Consumer clientId=consumer-1, groupId=ch.unige] Connection to node -1 could not be established. Broker may not be available.
11-06-2019 22:34:13 WARN  NetworkClient:241 - [Consumer clientId=consumer-2, groupId=ch.unige] Connection to node -1 could not be established. Broker may not be available.
11-06-2019 22:34:14 WARN  NetworkClient:241 - [Consumer clientId=consumer-1, groupId=ch.unige] Connection to node -1 could not be established. Broker may not be available.
11-06-2019 22:34:14 WARN  NetworkClient:241 - [Consumer clientId=consumer-2, groupId=ch.unige] Connection to node -1 could not be established. Broker may not be available.
11-06-2019 22:34:15 WARN  NetworkClient:241 - [Consumer clientId=consumer-1, groupId=ch.unige] Connection to node -1 could not be established. Broker may not be available.
11-06-2019 22:34:15 WARN  NetworkClient:241 - [Consumer clientId=consumer-2, groupId=ch.unige] Connection to node -1 could not be established. Broker may not be available.
11-06-2019 22:34:16 WARN  NetworkClient:241 - [Consumer clientId=consumer-1, groupId=ch.unige] Connection to node -1 could not be established. Broker may not be available.
11-06-2019 22:34:16 WARN  NetworkClient:241 - [Consumer clientId=consumer-2, groupId=ch.unige] Connection to node -1 could not be established. Broker may not be available.
11-06-2019 22:34:17 WARN  NetworkClient:241 - [Consumer clientId=consumer-1, groupId=ch.unige] Connection to node -1 could not be established. Broker may not be available.
11-06-2019 22:34:18 WARN  NetworkClient:241 - [Consumer clientId=consumer-2, groupId=ch.unige] Connection to node -1 could not be established. Broker may not be available.
11-06-2019 22:34:18 WARN  NetworkClient:241 - [Consumer clientId=consumer-1, groupId=ch.unige] Connection to node -1 could not be established. Broker may not be available.
11-06-2019 22:34:18 WARN  NetworkClient:241 - [Consumer clientId=consumer-2, groupId=ch.unige] Connection to node -1 could not be established. Broker may not be available.
11-06-2019 22:34:19 WARN  NetworkClient:241 - [Consumer clientId=consumer-1, groupId=ch.unige] Connection to node -1 could not be established. Broker may not be available.
11-06-2019 22:34:19 WARN  NetworkClient:241 - [Consumer clientId=consumer-2, groupId=ch.unige] Connection to node -1 could not be established. Broker may not be available.
11-06-2019 22:34:20 WARN  NetworkClient:241 - [Consumer clientId=consumer-1, groupId=ch.unige] Connection to node -1 could not be established. Broker may not be available.
11-06-2019 22:34:20 WARN  NetworkClient:241 - [Consumer clientId=consumer-2, groupId=ch.unige] Connection to node -1 could not be established. Broker may not be available.
11-06-2019 22:34:21 WARN  NetworkClient:241 - [Consumer clientId=consumer-2, groupId=ch.unige] Connection to node -1 could not be established. Broker may not be available.
11-06-2019 22:34:21 WARN  NetworkClient:241 - [Consumer clientId=consumer-1, groupId=ch.unige] Connection to node -1 could not be established. Broker may not be available.
11-06-2019 22:34:22 WARN  NetworkClient:241 - [Consumer clientId=consumer-2, groupId=ch.unige] Connection to node -1 could not be established. Broker may not be available.
11-06-2019 22:34:22 WARN  NetworkClient:241 - [Consumer clientId=consumer-1, groupId=ch.unige] Connection to node -1 could not be established. Broker may not be available.
11-06-2019 22:34:23 WARN  NetworkClient:241 - [Consumer clientId=consumer-2, groupId=ch.unige] Connection to node -1 could not be established. Broker may not be available.
11-06-2019 22:34:23 WARN  NetworkClient:241 - [Consumer clientId=consumer-1, groupId=ch.unige] Connection to node -1 could not be established. Broker may not be available.
11-06-2019 22:34:24 WARN  NetworkClient:241 - [Consumer clientId=consumer-1, groupId=ch.unige] Connection to node -1 could not be established. Broker may not be available.
11-06-2019 22:34:24 WARN  NetworkClient:241 - [Consumer clientId=consumer-2, groupId=ch.unige] Connection to node -1 could not be established. Broker may not be available.
11-06-2019 22:34:25 WARN  NetworkClient:241 - [Consumer clientId=consumer-2, groupId=ch.unige] Connection to node -1 could not be established. Broker may not be available.
11-06-2019 22:34:25 WARN  NetworkClient:241 - [Consumer clientId=consumer-1, groupId=ch.unige] Connection to node -1 could not be established. Broker may not be available.
11-06-2019 22:34:26 WARN  NetworkClient:241 - [Consumer clientId=consumer-1, groupId=ch.unige] Connection to node -1 could not be established. Broker may not be available.
11-06-2019 22:34:26 WARN  NetworkClient:241 - [Consumer clientId=consumer-2, groupId=ch.unige] Connection to node -1 could not be established. Broker may not be available.
11-06-2019 22:34:27 WARN  NetworkClient:241 - [Consumer clientId=consumer-2, groupId=ch.unige] Connection to node -1 could not be established. Broker may not be available.
11-06-2019 22:34:27 WARN  NetworkClient:241 - [Consumer clientId=consumer-1, groupId=ch.unige] Connection to node -1 could not be established. Broker may not be available.
11-06-2019 22:34:29 WARN  NetworkClient:241 - [Consumer clientId=consumer-2, groupId=ch.unige] Connection to node -1 could not be established. Broker may not be available.
11-06-2019 22:34:29 WARN  NetworkClient:241 - [Consumer clientId=consumer-1, groupId=ch.unige] Connection to node -1 could not be established. Broker may not be available.
11-06-2019 22:34:30 WARN  NetworkClient:241 - [Consumer clientId=consumer-2, groupId=ch.unige] Connection to node -1 could not be established. Broker may not be available.
11-06-2019 22:34:30 WARN  NetworkClient:241 - [Consumer clientId=consumer-1, groupId=ch.unige] Connection to node -1 could not be established. Broker may not be available.
11-06-2019 22:34:30 WARN  NetworkClient:241 - [Consumer clientId=consumer-2, groupId=ch.unige] Connection to node -1 could not be established. Broker may not be available.
11-06-2019 22:34:31 WARN  NetworkClient:241 - [Consumer clientId=consumer-1, groupId=ch.unige] Connection to node -1 could not be established. Broker may not be available.
11-06-2019 22:34:32 WARN  NetworkClient:241 - [Consumer clientId=consumer-2, groupId=ch.unige] Connection to node -1 could not be established. Broker may not be available.
11-06-2019 22:34:32 WARN  NetworkClient:241 - [Consumer clientId=consumer-1, groupId=ch.unige] Connection to node -1 could not be established. Broker may not be available.
11-06-2019 22:34:33 WARN  NetworkClient:241 - [Consumer clientId=consumer-1, groupId=ch.unige] Connection to node -1 could not be established. Broker may not be available.
11-06-2019 22:34:33 WARN  NetworkClient:241 - [Consumer clientId=consumer-2, groupId=ch.unige] Connection to node -1 could not be established. Broker may not be available.
11-06-2019 22:34:33 WARN  NetworkClient:241 - [Consumer clientId=consumer-1, groupId=ch.unige] Connection to node -1 could not be established. Broker may not be available.
11-06-2019 22:34:34 WARN  NetworkClient:241 - [Consumer clientId=consumer-2, groupId=ch.unige] Connection to node -1 could not be established. Broker may not be available.
11-06-2019 22:34:34 WARN  NetworkClient:241 - [Consumer clientId=consumer-1, groupId=ch.unige] Connection to node -1 could not be established. Broker may not be available.
11-06-2019 22:34:35 WARN  NetworkClient:241 - [Consumer clientId=consumer-2, groupId=ch.unige] Connection to node -1 could not be established. Broker may not be available.
11-06-2019 22:34:35 WARN  NetworkClient:241 - [Consumer clientId=consumer-1, groupId=ch.unige] Connection to node -1 could not be established. Broker may not be available.
11-06-2019 22:34:36 WARN  NetworkClient:241 - [Consumer clientId=consumer-2, groupId=ch.unige] Connection to node -1 could not be established. Broker may not be available.
11-06-2019 22:34:36 WARN  NetworkClient:241 - [Consumer clientId=consumer-1, groupId=ch.unige] Connection to node -1 could not be established. Broker may not be available.
11-06-2019 22:34:37 WARN  NetworkClient:241 - [Consumer clientId=consumer-2, groupId=ch.unige] Connection to node -1 could not be established. Broker may not be available.
11-06-2019 22:34:38 WARN  NetworkClient:241 - [Consumer clientId=consumer-1, groupId=ch.unige] Connection to node -1 could not be established. Broker may not be available.
11-06-2019 22:34:38 WARN  NetworkClient:241 - [Consumer clientId=consumer-2, groupId=ch.unige] Connection to node -1 could not be established. Broker may not be available.
11-06-2019 22:34:39 WARN  NetworkClient:241 - [Consumer clientId=consumer-1, groupId=ch.unige] Connection to node -1 could not be established. Broker may not be available.
11-06-2019 22:34:39 WARN  NetworkClient:241 - [Consumer clientId=consumer-2, groupId=ch.unige] Connection to node -1 could not be established. Broker may not be available.
11-06-2019 22:34:40 WARN  NetworkClient:241 - [Consumer clientId=consumer-1, groupId=ch.unige] Connection to node -1 could not be established. Broker may not be available.
11-06-2019 22:34:40 WARN  NetworkClient:241 - [Consumer clientId=consumer-2, groupId=ch.unige] Connection to node -1 could not be established. Broker may not be available.
11-06-2019 22:34:41 WARN  NetworkClient:241 - [Consumer clientId=consumer-1, groupId=ch.unige] Connection to node -1 could not be established. Broker may not be available.
11-06-2019 22:34:41 WARN  NetworkClient:241 - [Consumer clientId=consumer-2, groupId=ch.unige] Connection to node -1 could not be established. Broker may not be available.
11-06-2019 22:34:42 WARN  NetworkClient:241 - [Consumer clientId=consumer-1, groupId=ch.unige] Connection to node -1 could not be established. Broker may not be available.
11-06-2019 22:34:42 WARN  NetworkClient:241 - [Consumer clientId=consumer-2, groupId=ch.unige] Connection to node -1 could not be established. Broker may not be available.
11-06-2019 22:34:43 WARN  NetworkClient:241 - [Consumer clientId=consumer-1, groupId=ch.unige] Connection to node -1 could not be established. Broker may not be available.
11-06-2019 22:34:43 WARN  NetworkClient:241 - [Consumer clientId=consumer-2, groupId=ch.unige] Connection to node -1 could not be established. Broker may not be available.
11-06-2019 22:34:43 WARN  NetworkClient:241 - [Consumer clientId=consumer-1, groupId=ch.unige] Connection to node -1 could not be established. Broker may not be available.
11-06-2019 22:34:44 WARN  NetworkClient:241 - [Consumer clientId=consumer-2, groupId=ch.unige] Connection to node -1 could not be established. Broker may not be available.
11-06-2019 22:34:44 WARN  NetworkClient:241 - [Consumer clientId=consumer-1, groupId=ch.unige] Connection to node -1 could not be established. Broker may not be available.
11-06-2019 22:34:45 WARN  NetworkClient:241 - [Consumer clientId=consumer-2, groupId=ch.unige] Connection to node -1 could not be established. Broker may not be available.
11-06-2019 22:34:45 WARN  NetworkClient:241 - [Consumer clientId=consumer-1, groupId=ch.unige] Connection to node -1 could not be established. Broker may not be available.
11-06-2019 22:34:46 WARN  NetworkClient:241 - [Consumer clientId=consumer-2, groupId=ch.unige] Connection to node -1 could not be established. Broker may not be available.
11-06-2019 22:34:46 WARN  NetworkClient:241 - [Consumer clientId=consumer-1, groupId=ch.unige] Connection to node -1 could not be established. Broker may not be available.
11-06-2019 22:34:47 WARN  NetworkClient:241 - [Consumer clientId=consumer-2, groupId=ch.unige] Connection to node -1 could not be established. Broker may not be available.
11-06-2019 22:34:48 WARN  NetworkClient:241 - [Consumer clientId=consumer-1, groupId=ch.unige] Connection to node -1 could not be established. Broker may not be available.
11-06-2019 22:34:48 WARN  NetworkClient:241 - [Consumer clientId=consumer-2, groupId=ch.unige] Connection to node -1 could not be established. Broker may not be available.
11-06-2019 22:34:49 WARN  NetworkClient:241 - [Consumer clientId=consumer-1, groupId=ch.unige] Connection to node -1 could not be established. Broker may not be available.
11-06-2019 22:34:49 WARN  NetworkClient:241 - [Consumer clientId=consumer-2, groupId=ch.unige] Connection to node -1 could not be established. Broker may not be available.
11-06-2019 22:34:49 WARN  NetworkClient:241 - [Consumer clientId=consumer-1, groupId=ch.unige] Connection to node -1 could not be established. Broker may not be available.
11-06-2019 22:34:50 WARN  NetworkClient:241 - [Consumer clientId=consumer-2, groupId=ch.unige] Connection to node -1 could not be established. Broker may not be available.
11-06-2019 22:34:50 WARN  NetworkClient:241 - [Consumer clientId=consumer-1, groupId=ch.unige] Connection to node -1 could not be established. Broker may not be available.
11-06-2019 22:34:50 WARN  NetworkClient:241 - [Consumer clientId=consumer-2, groupId=ch.unige] Connection to node -1 could not be established. Broker may not be available.
11-06-2019 22:34:51 WARN  NetworkClient:241 - [Consumer clientId=consumer-1, groupId=ch.unige] Connection to node -1 could not be established. Broker may not be available.
11-06-2019 22:34:51 WARN  NetworkClient:241 - [Consumer clientId=consumer-2, groupId=ch.unige] Connection to node -1 could not be established. Broker may not be available.
11-06-2019 22:34:52 WARN  NetworkClient:241 - [Consumer clientId=consumer-2, groupId=ch.unige] Connection to node -1 could not be established. Broker may not be available.
11-06-2019 22:34:52 WARN  NetworkClient:241 - [Consumer clientId=consumer-1, groupId=ch.unige] Connection to node -1 could not be established. Broker may not be available.
11-06-2019 22:34:53 WARN  NetworkClient:241 - [Consumer clientId=consumer-2, groupId=ch.unige] Connection to node -1 could not be established. Broker may not be available.
11-06-2019 22:34:53 WARN  NetworkClient:241 - [Consumer clientId=consumer-1, groupId=ch.unige] Connection to node -1 could not be established. Broker may not be available.
11-06-2019 22:34:54 WARN  NetworkClient:241 - [Consumer clientId=consumer-2, groupId=ch.unige] Connection to node -1 could not be established. Broker may not be available.
11-06-2019 22:34:54 WARN  NetworkClient:241 - [Consumer clientId=consumer-1, groupId=ch.unige] Connection to node -1 could not be established. Broker may not be available.
11-06-2019 22:34:55 WARN  NetworkClient:241 - [Consumer clientId=consumer-2, groupId=ch.unige] Connection to node -1 could not be established. Broker may not be available.
11-06-2019 22:34:55 WARN  NetworkClient:241 - [Consumer clientId=consumer-1, groupId=ch.unige] Connection to node -1 could not be established. Broker may not be available.
11-06-2019 22:34:56 WARN  NetworkClient:241 - [Consumer clientId=consumer-2, groupId=ch.unige] Connection to node -1 could not be established. Broker may not be available.
11-06-2019 22:34:56 WARN  NetworkClient:241 - [Consumer clientId=consumer-1, groupId=ch.unige] Connection to node -1 could not be established. Broker may not be available.
11-06-2019 22:34:57 WARN  NetworkClient:241 - [Consumer clientId=consumer-1, groupId=ch.unige] Connection to node -1 could not be established. Broker may not be available.
11-06-2019 22:34:57 WARN  NetworkClient:241 - [Consumer clientId=consumer-2, groupId=ch.unige] Connection to node -1 could not be established. Broker may not be available.
11-06-2019 22:34:58 WARN  NetworkClient:241 - [Consumer clientId=consumer-2, groupId=ch.unige] Connection to node -1 could not be established. Broker may not be available.
11-06-2019 22:34:59 WARN  NetworkClient:241 - [Consumer clientId=consumer-1, groupId=ch.unige] Connection to node -1 could not be established. Broker may not be available.
11-06-2019 22:34:59 WARN  NetworkClient:241 - [Consumer clientId=consumer-1, groupId=ch.unige] Connection to node -1 could not be established. Broker may not be available.
11-06-2019 22:35:00 WARN  NetworkClient:241 - [Consumer clientId=consumer-2, groupId=ch.unige] Connection to node -1 could not be established. Broker may not be available.
11-06-2019 22:35:00 WARN  NetworkClient:241 - [Consumer clientId=consumer-1, groupId=ch.unige] Connection to node -1 could not be established. Broker may not be available.
11-06-2019 22:35:01 WARN  NetworkClient:241 - [Consumer clientId=consumer-2, groupId=ch.unige] Connection to node -1 could not be established. Broker may not be available.
11-06-2019 22:35:01 WARN  NetworkClient:241 - [Consumer clientId=consumer-1, groupId=ch.unige] Connection to node -1 could not be established. Broker may not be available.
11-06-2019 22:35:02 WARN  NetworkClient:241 - [Consumer clientId=consumer-2, groupId=ch.unige] Connection to node -1 could not be established. Broker may not be available.
11-06-2019 22:35:02 WARN  NetworkClient:241 - [Consumer clientId=consumer-1, groupId=ch.unige] Connection to node -1 could not be established. Broker may not be available.
11-06-2019 22:35:03 WARN  NetworkClient:241 - [Consumer clientId=consumer-2, groupId=ch.unige] Connection to node -1 could not be established. Broker may not be available.
11-06-2019 22:35:03 WARN  NetworkClient:241 - [Consumer clientId=consumer-1, groupId=ch.unige] Connection to node -1 could not be established. Broker may not be available.
11-06-2019 22:35:04 WARN  NetworkClient:241 - [Consumer clientId=consumer-2, groupId=ch.unige] Connection to node -1 could not be established. Broker may not be available.
11-06-2019 22:35:04 WARN  NetworkClient:241 - [Consumer clientId=consumer-1, groupId=ch.unige] Connection to node -1 could not be established. Broker may not be available.
11-06-2019 22:35:05 WARN  NetworkClient:241 - [Consumer clientId=consumer-2, groupId=ch.unige] Connection to node -1 could not be established. Broker may not be available.
11-06-2019 22:35:05 WARN  NetworkClient:241 - [Consumer clientId=consumer-1, groupId=ch.unige] Connection to node -1 could not be established. Broker may not be available.
11-06-2019 22:35:06 WARN  NetworkClient:241 - [Consumer clientId=consumer-2, groupId=ch.unige] Connection to node -1 could not be established. Broker may not be available.
11-06-2019 22:35:06 WARN  NetworkClient:241 - [Consumer clientId=consumer-1, groupId=ch.unige] Connection to node -1 could not be established. Broker may not be available.
11-06-2019 22:35:07 WARN  NetworkClient:241 - [Consumer clientId=consumer-2, groupId=ch.unige] Connection to node -1 could not be established. Broker may not be available.
11-06-2019 22:35:07 WARN  NetworkClient:241 - [Consumer clientId=consumer-1, groupId=ch.unige] Connection to node -1 could not be established. Broker may not be available.
11-06-2019 22:35:08 WARN  NetworkClient:241 - [Consumer clientId=consumer-2, groupId=ch.unige] Connection to node -1 could not be established. Broker may not be available.
11-06-2019 22:35:08 WARN  NetworkClient:241 - [Consumer clientId=consumer-1, groupId=ch.unige] Connection to node -1 could not be established. Broker may not be available.
11-06-2019 22:35:09 WARN  NetworkClient:241 - [Consumer clientId=consumer-2, groupId=ch.unige] Connection to node -1 could not be established. Broker may not be available.
11-06-2019 22:35:10 WARN  NetworkClient:241 - [Consumer clientId=consumer-1, groupId=ch.unige] Connection to node -1 could not be established. Broker may not be available.
11-06-2019 22:35:10 WARN  NetworkClient:241 - [Consumer clientId=consumer-2, groupId=ch.unige] Connection to node -1 could not be established. Broker may not be available.
11-06-2019 22:35:11 WARN  NetworkClient:241 - [Consumer clientId=consumer-1, groupId=ch.unige] Connection to node -1 could not be established. Broker may not be available.
11-06-2019 22:35:11 WARN  NetworkClient:241 - [Consumer clientId=consumer-2, groupId=ch.unige] Connection to node -1 could not be established. Broker may not be available.
11-06-2019 22:35:12 WARN  NetworkClient:241 - [Consumer clientId=consumer-2, groupId=ch.unige] Connection to node -1 could not be established. Broker may not be available.
11-06-2019 22:35:12 WARN  NetworkClient:241 - [Consumer clientId=consumer-1, groupId=ch.unige] Connection to node -1 could not be established. Broker may not be available.
11-06-2019 22:35:13 WARN  NetworkClient:241 - [Consumer clientId=consumer-2, groupId=ch.unige] Connection to node -1 could not be established. Broker may not be available.
11-06-2019 22:35:13 WARN  NetworkClient:241 - [Consumer clientId=consumer-1, groupId=ch.unige] Connection to node -1 could not be established. Broker may not be available.
11-06-2019 22:35:14 WARN  NetworkClient:241 - [Consumer clientId=consumer-2, groupId=ch.unige] Connection to node -1 could not be established. Broker may not be available.
11-06-2019 22:35:14 WARN  NetworkClient:241 - [Consumer clientId=consumer-1, groupId=ch.unige] Connection to node -1 could not be established. Broker may not be available.
11-06-2019 22:35:15 WARN  NetworkClient:241 - [Consumer clientId=consumer-2, groupId=ch.unige] Connection to node -1 could not be established. Broker may not be available.
11-06-2019 22:35:15 WARN  NetworkClient:241 - [Consumer clientId=consumer-1, groupId=ch.unige] Connection to node -1 could not be established. Broker may not be available.
11-06-2019 22:35:16 WARN  NetworkClient:241 - [Consumer clientId=consumer-2, groupId=ch.unige] Connection to node -1 could not be established. Broker may not be available.
11-06-2019 22:35:16 WARN  NetworkClient:241 - [Consumer clientId=consumer-1, groupId=ch.unige] Connection to node -1 could not be established. Broker may not be available.
11-06-2019 22:35:17 WARN  NetworkClient:241 - [Consumer clientId=consumer-2, groupId=ch.unige] Connection to node -1 could not be established. Broker may not be available.
11-06-2019 22:35:17 WARN  NetworkClient:241 - [Consumer clientId=consumer-1, groupId=ch.unige] Connection to node -1 could not be established. Broker may not be available.
11-06-2019 22:35:18 WARN  NetworkClient:241 - [Consumer clientId=consumer-2, groupId=ch.unige] Connection to node -1 could not be established. Broker may not be available.
11-06-2019 22:35:18 WARN  NetworkClient:241 - [Consumer clientId=consumer-1, groupId=ch.unige] Connection to node -1 could not be established. Broker may not be available.
11-06-2019 22:35:19 WARN  NetworkClient:241 - [Consumer clientId=consumer-2, groupId=ch.unige] Connection to node -1 could not be established. Broker may not be available.
11-06-2019 22:35:19 WARN  NetworkClient:241 - [Consumer clientId=consumer-1, groupId=ch.unige] Connection to node -1 could not be established. Broker may not be available.
11-06-2019 22:35:20 WARN  NetworkClient:241 - [Consumer clientId=consumer-2, groupId=ch.unige] Connection to node -1 could not be established. Broker may not be available.
11-06-2019 22:35:20 WARN  NetworkClient:241 - [Consumer clientId=consumer-1, groupId=ch.unige] Connection to node -1 could not be established. Broker may not be available.
11-06-2019 22:35:21 WARN  NetworkClient:241 - [Consumer clientId=consumer-2, groupId=ch.unige] Connection to node -1 could not be established. Broker may not be available.
11-06-2019 22:35:21 WARN  NetworkClient:241 - [Consumer clientId=consumer-1, groupId=ch.unige] Connection to node -1 could not be established. Broker may not be available.
11-06-2019 22:35:22 WARN  NetworkClient:241 - [Consumer clientId=consumer-2, groupId=ch.unige] Connection to node -1 could not be established. Broker may not be available.
11-06-2019 22:35:22 WARN  NetworkClient:241 - [Consumer clientId=consumer-1, groupId=ch.unige] Connection to node -1 could not be established. Broker may not be available.
11-06-2019 22:35:23 WARN  NetworkClient:241 - [Consumer clientId=consumer-2, groupId=ch.unige] Connection to node -1 could not be established. Broker may not be available.
11-06-2019 22:35:23 WARN  NetworkClient:241 - [Consumer clientId=consumer-1, groupId=ch.unige] Connection to node -1 could not be established. Broker may not be available.
11-06-2019 22:35:23 WARN  NetworkClient:241 - [Consumer clientId=consumer-2, groupId=ch.unige] Connection to node -1 could not be established. Broker may not be available.
11-06-2019 22:35:24 WARN  NetworkClient:241 - [Consumer clientId=consumer-1, groupId=ch.unige] Connection to node -1 could not be established. Broker may not be available.
11-06-2019 22:35:24 WARN  NetworkClient:241 - [Consumer clientId=consumer-2, groupId=ch.unige] Connection to node -1 could not be established. Broker may not be available.
11-06-2019 22:35:25 WARN  NetworkClient:241 - [Consumer clientId=consumer-1, groupId=ch.unige] Connection to node -1 could not be established. Broker may not be available.
11-06-2019 22:35:25 WARN  NetworkClient:241 - [Consumer clientId=consumer-2, groupId=ch.unige] Connection to node -1 could not be established. Broker may not be available.
11-06-2019 22:35:26 WARN  NetworkClient:241 - [Consumer clientId=consumer-2, groupId=ch.unige] Connection to node -1 could not be established. Broker may not be available.
11-06-2019 22:35:27 WARN  NetworkClient:241 - [Consumer clientId=consumer-1, groupId=ch.unige] Connection to node -1 could not be established. Broker may not be available.
11-06-2019 22:35:27 WARN  NetworkClient:241 - [Consumer clientId=consumer-1, groupId=ch.unige] Connection to node -1 could not be established. Broker may not be available.
11-06-2019 22:35:27 WARN  NetworkClient:241 - [Consumer clientId=consumer-2, groupId=ch.unige] Connection to node -1 could not be established. Broker may not be available.
11-06-2019 22:35:28 WARN  NetworkClient:241 - [Consumer clientId=consumer-1, groupId=ch.unige] Connection to node -1 could not be established. Broker may not be available.
11-06-2019 22:35:29 WARN  NetworkClient:241 - [Consumer clientId=consumer-2, groupId=ch.unige] Connection to node -1 could not be established. Broker may not be available.
11-06-2019 22:35:30 WARN  NetworkClient:241 - [Consumer clientId=consumer-1, groupId=ch.unige] Connection to node -1 could not be established. Broker may not be available.
11-06-2019 22:35:30 WARN  NetworkClient:241 - [Consumer clientId=consumer-2, groupId=ch.unige] Connection to node -1 could not be established. Broker may not be available.
11-06-2019 22:35:31 WARN  NetworkClient:241 - [Consumer clientId=consumer-1, groupId=ch.unige] Connection to node -1 could not be established. Broker may not be available.
11-06-2019 22:35:31 WARN  NetworkClient:241 - [Consumer clientId=consumer-2, groupId=ch.unige] Connection to node -1 could not be established. Broker may not be available.
11-06-2019 22:35:32 WARN  NetworkClient:241 - [Consumer clientId=consumer-2, groupId=ch.unige] Connection to node -1 could not be established. Broker may not be available.
11-06-2019 22:35:32 WARN  NetworkClient:241 - [Consumer clientId=consumer-1, groupId=ch.unige] Connection to node -1 could not be established. Broker may not be available.
11-06-2019 22:35:33 WARN  NetworkClient:241 - [Consumer clientId=consumer-2, groupId=ch.unige] Connection to node -1 could not be established. Broker may not be available.
11-06-2019 22:35:33 WARN  NetworkClient:241 - [Consumer clientId=consumer-1, groupId=ch.unige] Connection to node -1 could not be established. Broker may not be available.
11-06-2019 22:35:34 WARN  NetworkClient:241 - [Consumer clientId=consumer-1, groupId=ch.unige] Connection to node -1 could not be established. Broker may not be available.
11-06-2019 22:35:34 WARN  NetworkClient:241 - [Consumer clientId=consumer-2, groupId=ch.unige] Connection to node -1 could not be established. Broker may not be available.
11-06-2019 22:35:35 WARN  NetworkClient:241 - [Consumer clientId=consumer-1, groupId=ch.unige] Connection to node -1 could not be established. Broker may not be available.
11-06-2019 22:35:35 WARN  NetworkClient:241 - [Consumer clientId=consumer-2, groupId=ch.unige] Connection to node -1 could not be established. Broker may not be available.
11-06-2019 22:35:36 WARN  NetworkClient:241 - [Consumer clientId=consumer-2, groupId=ch.unige] Connection to node -1 could not be established. Broker may not be available.
11-06-2019 22:35:36 INFO  DelegationKafkaConsumer:188 - Shutting down the consumer.
11-06-2019 22:35:36 INFO  DelegationKafkaConsumer:188 - Shutting down the consumer.
11-06-2019 22:35:36 INFO  DelegationKafkaConsumer:172 - Close the consumer.
11-06-2019 22:35:36 INFO  DelegationKafkaConsumer:172 - Close the consumer.
